16:26:53.861 [main] INFO  org.testng.internal.Utils - [Utils] MethodGroupsHelper.collectMethodsByGroup() took 0 ms.
16:26:53.866 [main] INFO  org.testng.internal.Utils - [Utils] MethodGroupsHelper.sortMethods() took 2 ms.
16:26:53.867 [main] INFO  org.testng.internal.Utils - [Utils] MethodGroupsHelper.collectMethodsByGroup() took 0 ms.
16:26:53.868 [main] INFO  org.testng.internal.Utils - [Utils] MethodGroupsHelper.sortMethods() took 0 ms.
16:26:53.868 [main] INFO  org.testng.internal.Utils - [Utils] MethodGroupsHelper.collectMethodsByGroup() took 0 ms.
16:26:53.868 [main] INFO  org.testng.internal.Utils - [Utils] MethodGroupsHelper.sortMethods() took 0 ms.
16:26:53.869 [main] INFO  org.testng.internal.Utils - [Utils] MethodGroupsHelper.collectMethodsByGroup() took 0 ms.
16:26:53.869 [main] INFO  org.testng.internal.Utils - [Utils] MethodGroupsHelper.sortMethods() took 0 ms.
16:26:53.873 [main] INFO  org.testng.internal.Utils - [Utils] MethodGroupsHelper.collectMethodsByGroup() took 3 ms.
16:26:53.882 [main] INFO  org.testng.internal.Utils - [Utils] MethodGroupsHelper.sortMethods() took 9 ms.
16:26:53.883 [main] INFO  org.testng.internal.Utils - [Utils] MethodGroupsHelper.collectMethodsByGroup() took 0 ms.
16:26:53.883 [main] INFO  org.testng.internal.Utils - [Utils] MethodGroupsHelper.sortMethods() took 0 ms.
16:26:53.884 [main] INFO  org.testng.internal.Utils - [Utils] MethodGroupsHelper.collectMethodsByGroup() took 0 ms.
16:26:53.884 [main] INFO  org.testng.internal.Utils - [Utils] MethodGroupsHelper.sortMethods() took 0 ms.
16:26:53.884 [main] INFO  org.testng.internal.Utils - [Utils] MethodGroupsHelper.collectMethodsByGroup() took 0 ms.
16:26:53.885 [main] INFO  org.testng.internal.Utils - [Utils] MethodGroupsHelper.sortMethods() took 0 ms.
16:26:53.887 [main] INFO  org.testng.internal.Utils - [Utils] MethodGroupsHelper.collectMethodsByGroup() took 0 ms.
16:26:53.887 [main] INFO  org.testng.internal.Utils - [Utils] MethodGroupsHelper.sortMethods() took 0 ms.
16:26:53.887 [main] INFO  org.testng.internal.Utils - [Utils] MethodGroupsHelper.collectMethodsByGroup() took 0 ms.
16:26:53.887 [main] INFO  org.testng.internal.Utils - [Utils] MethodGroupsHelper.sortMethods() took 0 ms.
16:26:53.888 [main] INFO  org.testng.internal.Utils - [Utils] MethodGroupsHelper.collectMethodsByGroup() took 0 ms.
16:26:53.888 [main] INFO  org.testng.internal.Utils - [Utils] MethodGroupsHelper.sortMethods() took 0 ms.
16:26:53.888 [main] INFO  org.testng.internal.Utils - [Utils] MethodGroupsHelper.collectMethodsByGroup() took 0 ms.
16:26:53.888 [main] INFO  org.testng.internal.Utils - [Utils] MethodGroupsHelper.sortMethods() took 0 ms.
16:26:53.889 [main] INFO  org.testng.internal.Utils - [Utils] MethodGroupsHelper.collectMethodsByGroup() took 0 ms.
16:26:53.889 [main] INFO  org.testng.internal.Utils - [Utils] MethodGroupsHelper.sortMethods() took 0 ms.
16:26:53.891 [main] INFO  org.testng.internal.Utils - [Utils] MethodGroupsHelper.collectMethodsByGroup() took 0 ms.
16:26:53.891 [main] INFO  org.testng.internal.Utils - [Utils] MethodGroupsHelper.sortMethods() took 0 ms.
16:26:53.891 [main] INFO  org.testng.internal.Utils - [Utils] MethodGroupsHelper.collectMethodsByGroup() took 0 ms.
16:26:53.891 [main] INFO  org.testng.internal.Utils - [Utils] MethodGroupsHelper.sortMethods() took 0 ms.
16:26:53.904 [main] INFO  org.testng.internal.Utils - [TestNG] Running:
  C:\Users\srikanth\AppData\Local\Temp\testng-eclipse--913944558\testng-customsuite.xml

16:26:53.942 [main] INFO  org.testng.internal.Utils - [Utils] DynamicGraphHelper.createDynamicGraph() took 5 ms.
16:26:57.903 [main] INFO  testCases.tc001_AccountRegistrationTest - ******starting TC_001_AccountRegistartionTest ****
16:26:57.969 [main] INFO  testCases.tc001_AccountRegistrationTest - clicked on My Account
16:26:58.587 [main] INFO  testCases.tc001_AccountRegistrationTest - clicked on Register
16:26:58.588 [main] INFO  testCases.tc001_AccountRegistrationTest - ...providing customer details....
16:26:59.115 [main] INFO  testCases.tc001_AccountRegistrationTest - ******finshid TC_001_AccountRegistartionTest ****
16:26:59.341 [main] INFO  org.testng.internal.Utils - [TestNG] Time taken by org.testng.reporters.SuiteHTMLReporter@7ea08277: 25 ms
16:26:59.381 [main] INFO  org.testng.internal.Utils - [TestNG] Time taken by org.testng.reporters.jq.Main@598260a6: 39 ms
16:26:59.382 [main] INFO  org.testng.internal.Utils - [TestNG] Time taken by org.testng.reporters.FailedReporter@58b67519: 0 ms
16:26:59.388 [main] INFO  org.testng.internal.Utils - [TestNG] Time taken by org.testng.reporters.XMLReporter@ce9b9a9: 5 ms
16:26:59.394 [main] INFO  org.testng.internal.Utils - [TestNG] Time taken by org.testng.reporters.EmailableReporter2@c1fa7d4: 6 ms
16:26:59.399 [main] INFO  org.testng.internal.Utils - [TestNG] Time taken by org.testng.reporters.JUnitReportReporter@1706a5c9: 5 ms
16:26:59.399 [main] INFO  org.testng.internal.Utils - [TestNG] Time taken by org.testng.internal.ExitCodeListener@64412d34: 0 ms
16:40:03.948 [main] DEBUG org.testng.TestNG - suiteXmlPath: "C:\Users\srikanth\AppData\Local\Temp\testng-eclipse--1371492554\testng-customsuite.xml"
16:40:04.155 [main] INFO  org.testng.internal.Utils - [Utils] MethodGroupsHelper.collectMethodsByGroup() took 1 ms.
16:40:04.157 [main] INFO  org.testng.internal.Utils - [Utils] MethodGroupsHelper.sortMethods() took 1 ms.
16:40:04.159 [main] INFO  org.testng.internal.Utils - [Utils] MethodGroupsHelper.collectMethodsByGroup() took 0 ms.
16:40:04.159 [main] INFO  org.testng.internal.Utils - [Utils] MethodGroupsHelper.sortMethods() took 0 ms.
16:40:04.160 [main] INFO  org.testng.internal.Utils - [Utils] MethodGroupsHelper.collectMethodsByGroup() took 0 ms.
16:40:04.160 [main] INFO  org.testng.internal.Utils - [Utils] MethodGroupsHelper.sortMethods() took 0 ms.
16:40:04.160 [main] INFO  org.testng.internal.Utils - [Utils] MethodGroupsHelper.collectMethodsByGroup() took 0 ms.
16:40:04.160 [main] INFO  org.testng.internal.Utils - [Utils] MethodGroupsHelper.sortMethods() took 0 ms.
16:40:04.163 [main] INFO  org.testng.internal.Utils - [Utils] MethodGroupsHelper.collectMethodsByGroup() took 2 ms.
16:40:04.172 [main] INFO  org.testng.internal.Utils - [Utils] MethodGroupsHelper.sortMethods() took 8 ms.
16:40:04.173 [main] INFO  org.testng.internal.Utils - [Utils] MethodGroupsHelper.collectMethodsByGroup() took 0 ms.
16:40:04.173 [main] INFO  org.testng.internal.Utils - [Utils] MethodGroupsHelper.sortMethods() took 0 ms.
16:40:04.174 [main] INFO  org.testng.internal.Utils - [Utils] MethodGroupsHelper.collectMethodsByGroup() took 0 ms.
16:40:04.174 [main] INFO  org.testng.internal.Utils - [Utils] MethodGroupsHelper.sortMethods() took 0 ms.
16:40:04.174 [main] INFO  org.testng.internal.Utils - [Utils] MethodGroupsHelper.collectMethodsByGroup() took 0 ms.
16:40:04.174 [main] INFO  org.testng.internal.Utils - [Utils] MethodGroupsHelper.sortMethods() took 0 ms.
16:40:04.176 [main] INFO  org.testng.internal.Utils - [Utils] MethodGroupsHelper.collectMethodsByGroup() took 0 ms.
16:40:04.176 [main] INFO  org.testng.internal.Utils - [Utils] MethodGroupsHelper.sortMethods() took 0 ms.
16:40:04.177 [main] INFO  org.testng.internal.Utils - [Utils] MethodGroupsHelper.collectMethodsByGroup() took 0 ms.
16:40:04.177 [main] INFO  org.testng.internal.Utils - [Utils] MethodGroupsHelper.sortMethods() took 0 ms.
16:40:04.177 [main] INFO  org.testng.internal.Utils - [Utils] MethodGroupsHelper.collectMethodsByGroup() took 0 ms.
16:40:04.177 [main] INFO  org.testng.internal.Utils - [Utils] MethodGroupsHelper.sortMethods() took 0 ms.
16:40:04.178 [main] INFO  org.testng.internal.Utils - [Utils] MethodGroupsHelper.collectMethodsByGroup() took 0 ms.
16:40:04.178 [main] INFO  org.testng.internal.Utils - [Utils] MethodGroupsHelper.sortMethods() took 0 ms.
16:40:04.178 [main] INFO  org.testng.internal.Utils - [Utils] MethodGroupsHelper.collectMethodsByGroup() took 0 ms.
16:40:04.179 [main] INFO  org.testng.internal.Utils - [Utils] MethodGroupsHelper.sortMethods() took 1 ms.
16:40:04.180 [main] INFO  org.testng.internal.Utils - [Utils] MethodGroupsHelper.collectMethodsByGroup() took 0 ms.
16:40:04.180 [main] INFO  org.testng.internal.Utils - [Utils] MethodGroupsHelper.sortMethods() took 0 ms.
16:40:04.180 [main] INFO  org.testng.internal.Utils - [Utils] MethodGroupsHelper.collectMethodsByGroup() took 0 ms.
16:40:04.180 [main] INFO  org.testng.internal.Utils - [Utils] MethodGroupsHelper.sortMethods() took 0 ms.
16:40:04.197 [main] INFO  org.testng.internal.Utils - [TestNG] Running:
  C:\Users\srikanth\AppData\Local\Temp\testng-eclipse--1371492554\testng-customsuite.xml

16:40:04.231 [main] INFO  org.testng.internal.Utils - [Utils] DynamicGraphHelper.createDynamicGraph() took 3 ms.
16:40:09.403 [main] INFO  testCases.tc001_AccountRegistrationTest - ******starting TC_001_AccountRegistartionTest ****
16:40:09.491 [main] INFO  testCases.tc001_AccountRegistrationTest - clicked on My Account
16:40:10.323 [main] INFO  testCases.tc001_AccountRegistrationTest - clicked on Register
16:40:10.324 [main] INFO  testCases.tc001_AccountRegistrationTest - ...providing customer details....
16:40:11.055 [main] INFO  org.testng.internal.Utils - [TestNG] Time taken by org.testng.reporters.SuiteHTMLReporter@8ff5094: 30 ms
16:40:11.094 [main] INFO  org.testng.internal.Utils - [TestNG] Time taken by org.testng.reporters.jq.Main@6a0cbc6f: 39 ms
16:40:11.103 [main] INFO  org.testng.internal.Utils - [TestNG] Time taken by org.testng.reporters.FailedReporter@7c1c5936: 9 ms
16:40:11.109 [main] INFO  org.testng.internal.Utils - [TestNG] Time taken by org.testng.reporters.XMLReporter@270b6b5e: 6 ms
16:40:11.119 [main] INFO  org.testng.internal.Utils - [TestNG] Time taken by org.testng.reporters.EmailableReporter2@4d178d55: 10 ms
16:40:11.119 [main] INFO  org.testng.internal.Utils - [TestNG] Time taken by org.testng.reporters.JUnitReportReporter@68c7ef83: 0 ms
16:40:11.119 [main] INFO  org.testng.internal.Utils - [TestNG] Time taken by org.testng.internal.ExitCodeListener@6145b81e: 0 ms
16:42:03.325 [main] DEBUG org.testng.TestNG - suiteXmlPath: "C:\Users\srikanth\AppData\Local\Temp\testng-eclipse--416206484\testng-customsuite.xml"
16:42:03.530 [main] INFO  org.testng.internal.Utils - [Utils] MethodGroupsHelper.collectMethodsByGroup() took 0 ms.
16:42:03.532 [main] INFO  org.testng.internal.Utils - [Utils] MethodGroupsHelper.sortMethods() took 1 ms.
16:42:03.534 [main] INFO  org.testng.internal.Utils - [Utils] MethodGroupsHelper.collectMethodsByGroup() took 0 ms.
16:42:03.534 [main] INFO  org.testng.internal.Utils - [Utils] MethodGroupsHelper.sortMethods() took 0 ms.
16:42:03.534 [main] INFO  org.testng.internal.Utils - [Utils] MethodGroupsHelper.collectMethodsByGroup() took 0 ms.
16:42:03.536 [main] INFO  org.testng.internal.Utils - [Utils] MethodGroupsHelper.sortMethods() took 0 ms.
16:42:03.536 [main] INFO  org.testng.internal.Utils - [Utils] MethodGroupsHelper.collectMethodsByGroup() took 0 ms.
16:42:03.536 [main] INFO  org.testng.internal.Utils - [Utils] MethodGroupsHelper.sortMethods() took 0 ms.
16:42:03.540 [main] INFO  org.testng.internal.Utils - [Utils] MethodGroupsHelper.collectMethodsByGroup() took 3 ms.
16:42:03.550 [main] INFO  org.testng.internal.Utils - [Utils] MethodGroupsHelper.sortMethods() took 9 ms.
16:42:03.552 [main] INFO  org.testng.internal.Utils - [Utils] MethodGroupsHelper.collectMethodsByGroup() took 0 ms.
16:42:03.552 [main] INFO  org.testng.internal.Utils - [Utils] MethodGroupsHelper.sortMethods() took 0 ms.
16:42:03.553 [main] INFO  org.testng.internal.Utils - [Utils] MethodGroupsHelper.collectMethodsByGroup() took 0 ms.
16:42:03.553 [main] INFO  org.testng.internal.Utils - [Utils] MethodGroupsHelper.sortMethods() took 0 ms.
16:42:03.554 [main] INFO  org.testng.internal.Utils - [Utils] MethodGroupsHelper.collectMethodsByGroup() took 0 ms.
16:42:03.554 [main] INFO  org.testng.internal.Utils - [Utils] MethodGroupsHelper.sortMethods() took 0 ms.
16:42:03.556 [main] INFO  org.testng.internal.Utils - [Utils] MethodGroupsHelper.collectMethodsByGroup() took 0 ms.
16:42:03.557 [main] INFO  org.testng.internal.Utils - [Utils] MethodGroupsHelper.sortMethods() took 0 ms.
16:42:03.557 [main] INFO  org.testng.internal.Utils - [Utils] MethodGroupsHelper.collectMethodsByGroup() took 0 ms.
16:42:03.557 [main] INFO  org.testng.internal.Utils - [Utils] MethodGroupsHelper.sortMethods() took 0 ms.
16:42:03.558 [main] INFO  org.testng.internal.Utils - [Utils] MethodGroupsHelper.collectMethodsByGroup() took 0 ms.
16:42:03.558 [main] INFO  org.testng.internal.Utils - [Utils] MethodGroupsHelper.sortMethods() took 0 ms.
16:42:03.558 [main] INFO  org.testng.internal.Utils - [Utils] MethodGroupsHelper.collectMethodsByGroup() took 0 ms.
16:42:03.558 [main] INFO  org.testng.internal.Utils - [Utils] MethodGroupsHelper.sortMethods() took 0 ms.
16:42:03.559 [main] INFO  org.testng.internal.Utils - [Utils] MethodGroupsHelper.collectMethodsByGroup() took 0 ms.
16:42:03.559 [main] INFO  org.testng.internal.Utils - [Utils] MethodGroupsHelper.sortMethods() took 0 ms.
16:42:03.560 [main] INFO  org.testng.internal.Utils - [Utils] MethodGroupsHelper.collectMethodsByGroup() took 0 ms.
16:42:03.560 [main] INFO  org.testng.internal.Utils - [Utils] MethodGroupsHelper.sortMethods() took 0 ms.
16:42:03.560 [main] INFO  org.testng.internal.Utils - [Utils] MethodGroupsHelper.collectMethodsByGroup() took 0 ms.
16:42:03.561 [main] INFO  org.testng.internal.Utils - [Utils] MethodGroupsHelper.sortMethods() took 0 ms.
16:42:03.573 [main] INFO  org.testng.internal.Utils - [TestNG] Running:
  C:\Users\srikanth\AppData\Local\Temp\testng-eclipse--416206484\testng-customsuite.xml

16:42:03.608 [main] INFO  org.testng.internal.Utils - [Utils] DynamicGraphHelper.createDynamicGraph() took 8 ms.
16:42:13.085 [main] INFO  testCases.tc001_AccountRegistrationTest - ******starting TC_001_AccountRegistartionTest ****
16:42:13.177 [main] INFO  testCases.tc001_AccountRegistrationTest - clicked on My Account
16:42:15.343 [main] INFO  testCases.tc001_AccountRegistrationTest - clicked on Register
16:42:15.343 [main] INFO  testCases.tc001_AccountRegistrationTest - ...providing customer details....
16:42:46.213 [main] INFO  org.testng.internal.Utils - [TestNG] Time taken by org.testng.reporters.SuiteHTMLReporter@62ce72ff: 28 ms
16:42:46.286 [main] INFO  org.testng.internal.Utils - [TestNG] Time taken by org.testng.reporters.jq.Main@4d96250: 73 ms
16:42:46.303 [main] INFO  org.testng.internal.Utils - [TestNG] Time taken by org.testng.reporters.FailedReporter@3b46dd8: 17 ms
16:42:46.327 [main] INFO  org.testng.internal.Utils - [TestNG] Time taken by org.testng.reporters.XMLReporter@70f31322: 24 ms
16:42:46.347 [main] INFO  org.testng.internal.Utils - [TestNG] Time taken by org.testng.reporters.EmailableReporter2@23f72d88: 20 ms
16:42:46.360 [main] INFO  org.testng.internal.Utils - [TestNG] Time taken by org.testng.reporters.JUnitReportReporter@288cdaab: 13 ms
16:42:46.360 [main] INFO  org.testng.internal.Utils - [TestNG] Time taken by org.testng.internal.ExitCodeListener@23b3aa8c: 0 ms
16:46:59.063 [main] DEBUG org.testng.TestNG - suiteXmlPath: "C:\Users\srikanth\AppData\Local\Temp\testng-eclipse-2103743925\testng-customsuite.xml"
16:46:59.302 [main] INFO  org.testng.internal.Utils - [Utils] MethodGroupsHelper.collectMethodsByGroup() took 1 ms.
16:46:59.305 [main] INFO  org.testng.internal.Utils - [Utils] MethodGroupsHelper.sortMethods() took 0 ms.
16:46:59.307 [main] INFO  org.testng.internal.Utils - [Utils] MethodGroupsHelper.collectMethodsByGroup() took 0 ms.
16:46:59.307 [main] INFO  org.testng.internal.Utils - [Utils] MethodGroupsHelper.sortMethods() took 0 ms.
16:46:59.309 [main] INFO  org.testng.internal.Utils - [Utils] MethodGroupsHelper.collectMethodsByGroup() took 0 ms.
16:46:59.309 [main] INFO  org.testng.internal.Utils - [Utils] MethodGroupsHelper.sortMethods() took 0 ms.
16:46:59.309 [main] INFO  org.testng.internal.Utils - [Utils] MethodGroupsHelper.collectMethodsByGroup() took 0 ms.
16:46:59.309 [main] INFO  org.testng.internal.Utils - [Utils] MethodGroupsHelper.sortMethods() took 0 ms.
16:46:59.312 [main] INFO  org.testng.internal.Utils - [Utils] MethodGroupsHelper.collectMethodsByGroup() took 2 ms.
16:46:59.324 [main] INFO  org.testng.internal.Utils - [Utils] MethodGroupsHelper.sortMethods() took 11 ms.
16:46:59.336 [main] INFO  org.testng.internal.Utils - [Utils] MethodGroupsHelper.collectMethodsByGroup() took 0 ms.
16:46:59.337 [main] INFO  org.testng.internal.Utils - [Utils] MethodGroupsHelper.sortMethods() took 0 ms.
16:46:59.338 [main] INFO  org.testng.internal.Utils - [Utils] MethodGroupsHelper.collectMethodsByGroup() took 0 ms.
16:46:59.338 [main] INFO  org.testng.internal.Utils - [Utils] MethodGroupsHelper.sortMethods() took 0 ms.
16:46:59.339 [main] INFO  org.testng.internal.Utils - [Utils] MethodGroupsHelper.collectMethodsByGroup() took 0 ms.
16:46:59.339 [main] INFO  org.testng.internal.Utils - [Utils] MethodGroupsHelper.sortMethods() took 0 ms.
16:46:59.341 [main] INFO  org.testng.internal.Utils - [Utils] MethodGroupsHelper.collectMethodsByGroup() took 0 ms.
16:46:59.342 [main] INFO  org.testng.internal.Utils - [Utils] MethodGroupsHelper.sortMethods() took 1 ms.
16:46:59.342 [main] INFO  org.testng.internal.Utils - [Utils] MethodGroupsHelper.collectMethodsByGroup() took 0 ms.
16:46:59.342 [main] INFO  org.testng.internal.Utils - [Utils] MethodGroupsHelper.sortMethods() took 0 ms.
16:46:59.343 [main] INFO  org.testng.internal.Utils - [Utils] MethodGroupsHelper.collectMethodsByGroup() took 0 ms.
16:46:59.343 [main] INFO  org.testng.internal.Utils - [Utils] MethodGroupsHelper.sortMethods() took 0 ms.
16:46:59.343 [main] INFO  org.testng.internal.Utils - [Utils] MethodGroupsHelper.collectMethodsByGroup() took 0 ms.
16:46:59.343 [main] INFO  org.testng.internal.Utils - [Utils] MethodGroupsHelper.sortMethods() took 0 ms.
16:46:59.344 [main] INFO  org.testng.internal.Utils - [Utils] MethodGroupsHelper.collectMethodsByGroup() took 0 ms.
16:46:59.345 [main] INFO  org.testng.internal.Utils - [Utils] MethodGroupsHelper.sortMethods() took 1 ms.
16:46:59.346 [main] INFO  org.testng.internal.Utils - [Utils] MethodGroupsHelper.collectMethodsByGroup() took 0 ms.
16:46:59.346 [main] INFO  org.testng.internal.Utils - [Utils] MethodGroupsHelper.sortMethods() took 0 ms.
16:46:59.346 [main] INFO  org.testng.internal.Utils - [Utils] MethodGroupsHelper.collectMethodsByGroup() took 0 ms.
16:46:59.346 [main] INFO  org.testng.internal.Utils - [Utils] MethodGroupsHelper.sortMethods() took 0 ms.
16:46:59.356 [main] INFO  org.testng.internal.Utils - [TestNG] Running:
  C:\Users\srikanth\AppData\Local\Temp\testng-eclipse-2103743925\testng-customsuite.xml

16:46:59.393 [main] INFO  org.testng.internal.Utils - [Utils] DynamicGraphHelper.createDynamicGraph() took 5 ms.
16:47:05.741 [main] INFO  testCases.tc001_AccountRegistrationTest - ******starting TC_001_AccountRegistartionTest ****
16:47:05.826 [main] INFO  testCases.tc001_AccountRegistrationTest - clicked on My Account
16:47:06.458 [main] INFO  testCases.tc001_AccountRegistrationTest - clicked on Register
16:47:06.458 [main] INFO  testCases.tc001_AccountRegistrationTest - ...providing customer details....
16:47:37.360 [main] INFO  org.testng.internal.Utils - [TestNG] Time taken by org.testng.reporters.SuiteHTMLReporter@d5ce97f: 31 ms
16:47:37.455 [main] INFO  org.testng.internal.Utils - [TestNG] Time taken by org.testng.reporters.jq.Main@681e144: 95 ms
16:47:37.487 [main] INFO  org.testng.internal.Utils - [TestNG] Time taken by org.testng.reporters.FailedReporter@455824ad: 32 ms
16:47:37.503 [main] INFO  org.testng.internal.Utils - [TestNG] Time taken by org.testng.reporters.XMLReporter@54d901aa: 16 ms
16:47:37.519 [main] INFO  org.testng.internal.Utils - [TestNG] Time taken by org.testng.reporters.EmailableReporter2@45667d98: 16 ms
16:47:37.534 [main] INFO  org.testng.internal.Utils - [TestNG] Time taken by org.testng.reporters.JUnitReportReporter@5e5073ab: 15 ms
16:47:37.534 [main] INFO  org.testng.internal.Utils - [TestNG] Time taken by org.testng.internal.ExitCodeListener@3c4262d1: 0 ms
17:20:01.688 [main] DEBUG org.testng.TestNG - suiteXmlPath: "C:\Users\srikanth\Desktop\New folder\opencarttestngframework\testng.xml"
17:20:01.958 [main] INFO  org.testng.internal.Utils - [TestNG] Running:
  C:\Users\srikanth\Desktop\New folder\opencarttestngframework\testng.xml

17:20:10.743 [main] INFO  testCases.tc001_AccountRegistrationTest - ******starting TC_001_AccountRegistartionTest ****
17:20:10.969 [main] INFO  testCases.tc001_AccountRegistrationTest - clicked on My Account
17:20:11.607 [main] INFO  testCases.tc001_AccountRegistrationTest - clicked on Register
17:20:11.608 [main] INFO  testCases.tc001_AccountRegistrationTest - ...providing customer details....
17:20:12.136 [main] INFO  testCases.tc001_AccountRegistrationTest - ******finshid TC_001_AccountRegistartionTest ****
17:21:07.742 [main] DEBUG org.testng.TestNG - suiteXmlPath: "C:\Users\srikanth\Desktop\New folder\opencarttestngframework\testng.xml"
17:21:08.020 [main] INFO  org.testng.internal.Utils - [TestNG] Running:
  C:\Users\srikanth\Desktop\New folder\opencarttestngframework\testng.xml

17:21:15.630 [main] INFO  testCases.tc001_AccountRegistrationTest - ******starting TC_001_AccountRegistartionTest ****
17:21:15.860 [main] INFO  testCases.tc001_AccountRegistrationTest - clicked on My Account
17:21:16.478 [main] INFO  testCases.tc001_AccountRegistrationTest - clicked on Register
17:21:16.478 [main] INFO  testCases.tc001_AccountRegistrationTest - ...providing customer details....
17:21:17.146 [main] INFO  testCases.tc001_AccountRegistrationTest - ******finshid TC_001_AccountRegistartionTest ****
17:22:02.788 [main] DEBUG org.testng.TestNG - suiteXmlPath: "C:\Users\srikanth\Desktop\New folder\opencarttestngframework\testng.xml"
17:22:03.064 [main] INFO  org.testng.internal.Utils - [TestNG] Running:
  C:\Users\srikanth\Desktop\New folder\opencarttestngframework\testng.xml

17:22:11.135 [main] INFO  testCases.tc001_AccountRegistrationTest - ******starting TC_001_AccountRegistartionTest ****
17:22:11.202 [main] INFO  testCases.tc001_AccountRegistrationTest - clicked on My Account
17:22:12.077 [main] INFO  testCases.tc001_AccountRegistrationTest - clicked on Register
17:22:12.079 [main] INFO  testCases.tc001_AccountRegistrationTest - ...providing customer details....
17:22:12.661 [main] INFO  testCases.tc001_AccountRegistrationTest - ******finshid TC_001_AccountRegistartionTest ****
21:02:10.948 [main] DEBUG org.testng.TestNG - suiteXmlPath: "C:\Users\srikanth\Desktop\New folder\opencarttestngframework\crossbrowsertesting.xml"
21:02:11.267 [main] INFO  org.testng.internal.Utils - [TestNG] Running:
  C:\Users\srikanth\Desktop\New folder\opencarttestngframework\crossbrowsertesting.xml

21:02:20.355 [main] INFO  testCases.tc001_AccountRegistrationTest - ******starting TC_001_AccountRegistartionTest ****
21:02:20.446 [main] INFO  testCases.tc001_AccountRegistrationTest - clicked on My Account
21:02:21.231 [main] INFO  testCases.tc001_AccountRegistrationTest - clicked on Register
21:02:21.231 [main] INFO  testCases.tc001_AccountRegistrationTest - ...providing customer details....
21:02:21.833 [main] INFO  testCases.tc001_AccountRegistrationTest - ******finshid TC_001_AccountRegistartionTest ****
21:02:30.064 [main] INFO  testCases.tc001_AccountRegistrationTest - ******starting TC_001_AccountRegistartionTest ****
21:02:30.144 [main] INFO  testCases.tc001_AccountRegistrationTest - clicked on My Account
21:02:31.013 [main] INFO  testCases.tc001_AccountRegistrationTest - clicked on Register
21:02:31.013 [main] INFO  testCases.tc001_AccountRegistrationTest - ...providing customer details....
21:02:31.637 [main] INFO  testCases.tc001_AccountRegistrationTest - ******finshid TC_001_AccountRegistartionTest ****
21:02:38.408 [main] INFO  testCases.tc001_AccountRegistrationTest - ******starting TC_001_AccountRegistartionTest ****
21:02:38.504 [main] INFO  testCases.tc001_AccountRegistrationTest - clicked on My Account
21:02:39.098 [main] INFO  testCases.tc001_AccountRegistrationTest - clicked on Register
21:02:39.098 [main] INFO  testCases.tc001_AccountRegistrationTest - ...providing customer details....
21:02:39.666 [main] INFO  testCases.tc001_AccountRegistrationTest - ******finshid TC_001_AccountRegistartionTest ****
21:03:35.387 [main] DEBUG org.testng.TestNG - suiteXmlPath: "C:\Users\srikanth\Desktop\New folder\opencarttestngframework\crossbrowsertesting.xml"
21:03:35.703 [main] INFO  org.testng.internal.Utils - [TestNG] Running:
  C:\Users\srikanth\Desktop\New folder\opencarttestngframework\crossbrowsertesting.xml

21:03:40.652 [main] INFO  testCases.tc001_AccountRegistrationTest - ******starting TC_001_AccountRegistartionTest ****
21:03:40.756 [main] INFO  testCases.tc001_AccountRegistrationTest - clicked on My Account
21:03:41.359 [main] INFO  testCases.tc001_AccountRegistrationTest - clicked on Register
21:03:41.359 [main] INFO  testCases.tc001_AccountRegistrationTest - ...providing customer details....
21:03:41.869 [main] INFO  testCases.tc001_AccountRegistrationTest - ******finshid TC_001_AccountRegistartionTest ****
21:03:46.834 [main] INFO  testCases.tc001_AccountRegistrationTest - ******starting TC_001_AccountRegistartionTest ****
21:03:46.914 [main] INFO  testCases.tc001_AccountRegistrationTest - clicked on My Account
21:03:47.548 [main] INFO  testCases.tc001_AccountRegistrationTest - clicked on Register
21:03:47.548 [main] INFO  testCases.tc001_AccountRegistrationTest - ...providing customer details....
21:03:48.018 [main] INFO  testCases.tc001_AccountRegistrationTest - ******finshid TC_001_AccountRegistartionTest ****
21:03:55.051 [main] INFO  testCases.tc001_AccountRegistrationTest - ******starting TC_001_AccountRegistartionTest ****
21:03:55.340 [main] INFO  testCases.tc001_AccountRegistrationTest - clicked on My Account
21:03:55.951 [main] INFO  testCases.tc001_AccountRegistrationTest - clicked on Register
21:03:55.951 [main] INFO  testCases.tc001_AccountRegistrationTest - ...providing customer details....
21:03:56.619 [main] INFO  testCases.tc001_AccountRegistrationTest - ******finshid TC_001_AccountRegistartionTest ****
21:09:22.723 [main] DEBUG org.testng.TestNG - suiteXmlPath: "C:\Users\srikanth\Desktop\New folder\opencarttestngframework\crossbrowsertesting.xml"
21:09:23.005 [main] INFO  org.testng.internal.Utils - [TestNG] Running:
  C:\Users\srikanth\Desktop\New folder\opencarttestngframework\crossbrowsertesting.xml

21:09:28.507 [TestNG-tests-1] INFO  testCases.tc001_AccountRegistrationTest - ******starting TC_001_AccountRegistartionTest ****
21:09:29.439 [TestNG-tests-1] INFO  testCases.tc001_AccountRegistrationTest - clicked on My Account
21:09:30.421 [TestNG-tests-3] INFO  testCases.tc001_AccountRegistrationTest - ******starting TC_001_AccountRegistartionTest ****
21:09:30.714 [TestNG-tests-3] INFO  testCases.tc001_AccountRegistrationTest - clicked on My Account
21:09:31.060 [TestNG-tests-1] INFO  testCases.tc001_AccountRegistrationTest - clicked on Register
21:09:31.060 [TestNG-tests-1] INFO  testCases.tc001_AccountRegistrationTest - ...providing customer details....
21:09:31.310 [TestNG-tests-3] INFO  testCases.tc001_AccountRegistrationTest - clicked on Register
21:09:31.310 [TestNG-tests-3] INFO  testCases.tc001_AccountRegistrationTest - ...providing customer details....
21:09:32.283 [TestNG-tests-3] INFO  testCases.tc001_AccountRegistrationTest - ******finshid TC_001_AccountRegistartionTest ****
21:09:32.604 [TestNG-tests-1] INFO  testCases.tc001_AccountRegistrationTest - ******finshid TC_001_AccountRegistartionTest ****
21:09:35.336 [TestNG-tests-2] INFO  testCases.tc001_AccountRegistrationTest - ******starting TC_001_AccountRegistartionTest ****
21:09:35.420 [TestNG-tests-2] INFO  testCases.tc001_AccountRegistrationTest - clicked on My Account
21:09:35.987 [TestNG-tests-2] INFO  testCases.tc001_AccountRegistrationTest - clicked on Register
21:09:35.987 [TestNG-tests-2] INFO  testCases.tc001_AccountRegistrationTest - ...providing customer details....
21:09:36.602 [TestNG-tests-2] INFO  testCases.tc001_AccountRegistrationTest - ******finshid TC_001_AccountRegistartionTest ****
21:09:50.111 [main] DEBUG org.testng.TestNG - suiteXmlPath: "C:\Users\srikanth\Desktop\New folder\opencarttestngframework\crossbrowsertesting.xml"
21:09:50.435 [main] INFO  org.testng.internal.Utils - [TestNG] Running:
  C:\Users\srikanth\Desktop\New folder\opencarttestngframework\crossbrowsertesting.xml

21:09:57.407 [TestNG-tests-1] INFO  testCases.tc001_AccountRegistrationTest - ******starting TC_001_AccountRegistartionTest ****
21:09:58.591 [TestNG-tests-2] INFO  testCases.tc001_AccountRegistrationTest - ******starting TC_001_AccountRegistartionTest ****
21:09:58.671 [TestNG-tests-1] INFO  testCases.tc001_AccountRegistrationTest - clicked on My Account
21:09:59.435 [TestNG-tests-2] INFO  testCases.tc001_AccountRegistrationTest - clicked on My Account
21:09:59.773 [TestNG-tests-3] INFO  testCases.tc001_AccountRegistrationTest - ******starting TC_001_AccountRegistartionTest ****
21:10:00.002 [TestNG-tests-1] INFO  testCases.tc001_AccountRegistrationTest - clicked on Register
21:10:00.002 [TestNG-tests-1] INFO  testCases.tc001_AccountRegistrationTest - ...providing customer details....
21:10:00.081 [TestNG-tests-3] INFO  testCases.tc001_AccountRegistrationTest - clicked on My Account
21:10:00.922 [TestNG-tests-3] INFO  testCases.tc001_AccountRegistrationTest - clicked on Register
21:10:00.922 [TestNG-tests-3] INFO  testCases.tc001_AccountRegistrationTest - ...providing customer details....
21:10:00.961 [TestNG-tests-2] INFO  testCases.tc001_AccountRegistrationTest - clicked on Register
21:10:00.961 [TestNG-tests-2] INFO  testCases.tc001_AccountRegistrationTest - ...providing customer details....
21:10:01.869 [TestNG-tests-3] INFO  testCases.tc001_AccountRegistrationTest - ******finshid TC_001_AccountRegistartionTest ****
21:10:02.351 [TestNG-tests-2] INFO  testCases.tc001_AccountRegistrationTest - ******finshid TC_001_AccountRegistartionTest ****
21:10:02.602 [TestNG-tests-1] INFO  testCases.tc001_AccountRegistrationTest - ******finshid TC_001_AccountRegistartionTest ****
21:10:32.163 [main] DEBUG org.testng.TestNG - suiteXmlPath: "C:\Users\srikanth\Desktop\New folder\opencarttestngframework\crossbrowsertesting.xml"
21:10:32.462 [main] INFO  org.testng.internal.Utils - [TestNG] Running:
  C:\Users\srikanth\Desktop\New folder\opencarttestngframework\crossbrowsertesting.xml

21:10:38.934 [TestNG-tests-1] INFO  testCases.tc001_AccountRegistrationTest - ******starting TC_001_AccountRegistartionTest ****
21:10:39.543 [TestNG-tests-1] INFO  testCases.tc001_AccountRegistrationTest - clicked on My Account
21:10:39.553 [TestNG-tests-3] INFO  testCases.tc001_AccountRegistrationTest - ******starting TC_001_AccountRegistartionTest ****
21:10:39.831 [TestNG-tests-3] INFO  testCases.tc001_AccountRegistrationTest - clicked on My Account
21:10:40.414 [TestNG-tests-3] INFO  testCases.tc001_AccountRegistrationTest - clicked on Register
21:10:40.415 [TestNG-tests-3] INFO  testCases.tc001_AccountRegistrationTest - ...providing customer details....
21:10:40.794 [TestNG-tests-1] INFO  testCases.tc001_AccountRegistrationTest - clicked on Register
21:10:40.795 [TestNG-tests-1] INFO  testCases.tc001_AccountRegistrationTest - ...providing customer details....
21:10:41.176 [TestNG-tests-3] INFO  testCases.tc001_AccountRegistrationTest - ******finshid TC_001_AccountRegistartionTest ****
21:10:41.473 [TestNG-tests-1] INFO  testCases.tc001_AccountRegistrationTest - ******finshid TC_001_AccountRegistartionTest ****
21:10:45.152 [TestNG-tests-2] INFO  testCases.tc001_AccountRegistrationTest - ******starting TC_001_AccountRegistartionTest ****
21:10:45.320 [TestNG-tests-2] INFO  testCases.tc001_AccountRegistrationTest - clicked on My Account
21:10:46.021 [TestNG-tests-2] INFO  testCases.tc001_AccountRegistrationTest - clicked on Register
21:10:46.021 [TestNG-tests-2] INFO  testCases.tc001_AccountRegistrationTest - ...providing customer details....
21:10:46.920 [TestNG-tests-2] INFO  testCases.tc001_AccountRegistrationTest - ******finshid TC_001_AccountRegistartionTest ****
21:12:06.941 [main] DEBUG org.testng.TestNG - suiteXmlPath: "C:\Users\srikanth\Desktop\New folder\opencarttestngframework\crossbrowsertesting.xml"
21:12:07.244 [main] INFO  org.testng.internal.Utils - [TestNG] Running:
  C:\Users\srikanth\Desktop\New folder\opencarttestngframework\crossbrowsertesting.xml

21:12:12.493 [main] INFO  testCases.tc001_AccountRegistrationTest - ******starting TC_001_AccountRegistartionTest ****
21:12:12.557 [main] INFO  testCases.tc001_AccountRegistrationTest - clicked on My Account
21:12:13.142 [main] INFO  testCases.tc001_AccountRegistrationTest - clicked on Register
21:12:13.142 [main] INFO  testCases.tc001_AccountRegistrationTest - ...providing customer details....
21:12:13.621 [main] INFO  testCases.tc001_AccountRegistrationTest - ******finshid TC_001_AccountRegistartionTest ****
21:12:19.877 [main] INFO  testCases.tc001_AccountRegistrationTest - ******starting TC_001_AccountRegistartionTest ****
21:12:20.020 [main] INFO  testCases.tc001_AccountRegistrationTest - clicked on My Account
21:12:20.692 [main] INFO  testCases.tc001_AccountRegistrationTest - clicked on Register
21:12:20.692 [main] INFO  testCases.tc001_AccountRegistrationTest - ...providing customer details....
21:12:21.743 [main] INFO  testCases.tc001_AccountRegistrationTest - ******finshid TC_001_AccountRegistartionTest ****
21:12:31.846 [main] INFO  testCases.tc001_AccountRegistrationTest - ******starting TC_001_AccountRegistartionTest ****
21:12:32.137 [main] INFO  testCases.tc001_AccountRegistrationTest - clicked on My Account
21:12:32.899 [main] INFO  testCases.tc001_AccountRegistrationTest - clicked on Register
21:12:32.899 [main] INFO  testCases.tc001_AccountRegistrationTest - ...providing customer details....
21:12:33.623 [main] INFO  testCases.tc001_AccountRegistrationTest - ******finshid TC_001_AccountRegistartionTest ****
21:30:44.936 [main] DEBUG org.testng.TestNG - suiteXmlPath: "C:\Users\srikanth\Desktop\New folder\opencarttestngframework\testng.xml"
21:30:45.203 [main] INFO  org.testng.internal.Utils - [TestNG] Running:
  C:\Users\srikanth\Desktop\New folder\opencarttestngframework\testng.xml

21:30:52.495 [main] INFO  testCases.tc001_AccountRegistrationTest - ******starting TC_001_AccountRegistartionTest ****
21:30:52.580 [main] INFO  testCases.tc001_AccountRegistrationTest - clicked on My Account
21:30:53.894 [main] INFO  testCases.tc001_AccountRegistrationTest - clicked on Register
21:30:53.894 [main] INFO  testCases.tc001_AccountRegistrationTest - ...providing customer details....
21:30:54.461 [main] INFO  testCases.tc001_AccountRegistrationTest - ******finshid TC_001_AccountRegistartionTest ****
22:43:26.373 [main] DEBUG org.testng.TestNG - suiteXmlPath: "C:\Users\srikanth\Desktop\New folder\opencarttestngframework\testng.xml"
22:44:24.934 [main] DEBUG org.testng.TestNG - suiteXmlPath: "C:\Users\srikanth\Desktop\New folder\opencarttestngframework\testng.xml"
22:44:25.198 [main] INFO  org.testng.internal.Utils - [TestNG] Running:
  C:\Users\srikanth\Desktop\New folder\opencarttestngframework\testng.xml

22:44:30.911 [main] INFO  testCases.tc002_LoginTest - ***** starting TC_002_LoginTest********
22:46:25.351 [main] DEBUG org.testng.TestNG - suiteXmlPath: "C:\Users\srikanth\Desktop\New folder\opencarttestngframework\testng.xml"
22:46:25.599 [main] INFO  org.testng.internal.Utils - [TestNG] Running:
  C:\Users\srikanth\Desktop\New folder\opencarttestngframework\testng.xml

22:46:32.280 [main] INFO  testCases.tc002_LoginTest - ***** starting TC_002_LoginTest********
22:48:09.242 [main] DEBUG org.testng.TestNG - suiteXmlPath: "C:\Users\srikanth\Desktop\New folder\opencarttestngframework\testng.xml"
22:48:09.500 [main] INFO  org.testng.internal.Utils - [TestNG] Running:
  C:\Users\srikanth\Desktop\New folder\opencarttestngframework\testng.xml

22:48:14.473 [main] INFO  testCases.tc002_LoginTest - ***** starting TC_002_LoginTest********
22:48:16.045 [main] INFO  testCases.tc002_LoginTest - ********Finished TC_002_LoginTest******
12:37:01.452 [main] DEBUG org.testng.TestNG - suiteXmlPath: "C:\Users\srikanth\Desktop\New folder\opencarttestngframework\testng.xml"
12:37:01.811 [main] INFO  org.testng.internal.Utils - [TestNG] Running:
  C:\Users\srikanth\Desktop\New folder\opencarttestngframework\testng.xml

12:37:07.485 [main] DEBUG org.apache.poi.openxml4j.opc.PackageRelationshipCollection - Parsing relationship: /xl/_rels/workbook.xml.rels
12:37:07.488 [main] DEBUG org.apache.poi.openxml4j.opc.PackageRelationshipCollection - Parsing relationship: /xl/worksheets/_rels/sheet1.xml.rels
12:37:07.493 [main] DEBUG org.apache.poi.openxml4j.opc.PackageRelationshipCollection - Parsing relationship: /_rels/.rels
12:37:07.840 [main] DEBUG org.apache.poi.ooxml.POIXMLFactory - using default POIXMLDocumentPart for http://schemas.openxmlformats.org/officeDocument/2006/relationships/printerSettings
12:37:07.934 [main] DEBUG org.apache.poi.openxml4j.opc.PackageRelationshipCollection - Parsing relationship: /xl/_rels/workbook.xml.rels
12:37:07.935 [main] DEBUG org.apache.poi.openxml4j.opc.PackageRelationshipCollection - Parsing relationship: /xl/worksheets/_rels/sheet1.xml.rels
12:37:07.938 [main] DEBUG org.apache.poi.openxml4j.opc.PackageRelationshipCollection - Parsing relationship: /_rels/.rels
12:37:07.953 [main] DEBUG org.apache.poi.ooxml.POIXMLFactory - using default POIXMLDocumentPart for http://schemas.openxmlformats.org/officeDocument/2006/relationships/printerSettings
12:37:07.970 [main] DEBUG org.apache.poi.openxml4j.opc.PackageRelationshipCollection - Parsing relationship: /xl/_rels/workbook.xml.rels
12:37:07.972 [main] DEBUG org.apache.poi.openxml4j.opc.PackageRelationshipCollection - Parsing relationship: /xl/worksheets/_rels/sheet1.xml.rels
12:37:07.973 [main] DEBUG org.apache.poi.openxml4j.opc.PackageRelationshipCollection - Parsing relationship: /_rels/.rels
12:37:07.984 [main] DEBUG org.apache.poi.ooxml.POIXMLFactory - using default POIXMLDocumentPart for http://schemas.openxmlformats.org/officeDocument/2006/relationships/printerSettings
12:37:08.009 [main] DEBUG org.apache.poi.openxml4j.opc.PackageRelationshipCollection - Parsing relationship: /xl/_rels/workbook.xml.rels
12:37:08.010 [main] DEBUG org.apache.poi.openxml4j.opc.PackageRelationshipCollection - Parsing relationship: /xl/worksheets/_rels/sheet1.xml.rels
12:37:08.011 [main] DEBUG org.apache.poi.openxml4j.opc.PackageRelationshipCollection - Parsing relationship: /_rels/.rels
12:37:08.021 [main] DEBUG org.apache.poi.ooxml.POIXMLFactory - using default POIXMLDocumentPart for http://schemas.openxmlformats.org/officeDocument/2006/relationships/printerSettings
12:37:08.038 [main] DEBUG org.apache.poi.openxml4j.opc.PackageRelationshipCollection - Parsing relationship: /xl/_rels/workbook.xml.rels
12:37:08.039 [main] DEBUG org.apache.poi.openxml4j.opc.PackageRelationshipCollection - Parsing relationship: /xl/worksheets/_rels/sheet1.xml.rels
12:37:08.040 [main] DEBUG org.apache.poi.openxml4j.opc.PackageRelationshipCollection - Parsing relationship: /_rels/.rels
12:37:08.049 [main] DEBUG org.apache.poi.ooxml.POIXMLFactory - using default POIXMLDocumentPart for http://schemas.openxmlformats.org/officeDocument/2006/relationships/printerSettings
12:37:08.064 [main] DEBUG org.apache.poi.openxml4j.opc.PackageRelationshipCollection - Parsing relationship: /xl/_rels/workbook.xml.rels
12:37:08.065 [main] DEBUG org.apache.poi.openxml4j.opc.PackageRelationshipCollection - Parsing relationship: /xl/worksheets/_rels/sheet1.xml.rels
12:37:08.065 [main] DEBUG org.apache.poi.openxml4j.opc.PackageRelationshipCollection - Parsing relationship: /_rels/.rels
12:37:08.074 [main] DEBUG org.apache.poi.ooxml.POIXMLFactory - using default POIXMLDocumentPart for http://schemas.openxmlformats.org/officeDocument/2006/relationships/printerSettings
12:37:08.088 [main] DEBUG org.apache.poi.openxml4j.opc.PackageRelationshipCollection - Parsing relationship: /xl/_rels/workbook.xml.rels
12:37:08.089 [main] DEBUG org.apache.poi.openxml4j.opc.PackageRelationshipCollection - Parsing relationship: /xl/worksheets/_rels/sheet1.xml.rels
12:37:08.090 [main] DEBUG org.apache.poi.openxml4j.opc.PackageRelationshipCollection - Parsing relationship: /_rels/.rels
12:37:08.098 [main] DEBUG org.apache.poi.ooxml.POIXMLFactory - using default POIXMLDocumentPart for http://schemas.openxmlformats.org/officeDocument/2006/relationships/printerSettings
12:37:08.112 [main] DEBUG org.apache.poi.openxml4j.opc.PackageRelationshipCollection - Parsing relationship: /xl/_rels/workbook.xml.rels
12:37:08.113 [main] DEBUG org.apache.poi.openxml4j.opc.PackageRelationshipCollection - Parsing relationship: /xl/worksheets/_rels/sheet1.xml.rels
12:37:08.114 [main] DEBUG org.apache.poi.openxml4j.opc.PackageRelationshipCollection - Parsing relationship: /_rels/.rels
12:37:08.125 [main] DEBUG org.apache.poi.ooxml.POIXMLFactory - using default POIXMLDocumentPart for http://schemas.openxmlformats.org/officeDocument/2006/relationships/printerSettings
12:37:08.138 [main] DEBUG org.apache.poi.openxml4j.opc.PackageRelationshipCollection - Parsing relationship: /xl/_rels/workbook.xml.rels
12:37:08.140 [main] DEBUG org.apache.poi.openxml4j.opc.PackageRelationshipCollection - Parsing relationship: /xl/worksheets/_rels/sheet1.xml.rels
12:37:08.140 [main] DEBUG org.apache.poi.openxml4j.opc.PackageRelationshipCollection - Parsing relationship: /_rels/.rels
12:37:08.148 [main] DEBUG org.apache.poi.ooxml.POIXMLFactory - using default POIXMLDocumentPart for http://schemas.openxmlformats.org/officeDocument/2006/relationships/printerSettings
12:37:08.161 [main] DEBUG org.apache.poi.openxml4j.opc.PackageRelationshipCollection - Parsing relationship: /xl/_rels/workbook.xml.rels
12:37:08.163 [main] DEBUG org.apache.poi.openxml4j.opc.PackageRelationshipCollection - Parsing relationship: /xl/worksheets/_rels/sheet1.xml.rels
12:37:08.164 [main] DEBUG org.apache.poi.openxml4j.opc.PackageRelationshipCollection - Parsing relationship: /_rels/.rels
12:37:08.172 [main] DEBUG org.apache.poi.ooxml.POIXMLFactory - using default POIXMLDocumentPart for http://schemas.openxmlformats.org/officeDocument/2006/relationships/printerSettings
12:37:08.186 [main] DEBUG org.apache.poi.openxml4j.opc.PackageRelationshipCollection - Parsing relationship: /xl/_rels/workbook.xml.rels
12:37:08.187 [main] DEBUG org.apache.poi.openxml4j.opc.PackageRelationshipCollection - Parsing relationship: /xl/worksheets/_rels/sheet1.xml.rels
12:37:08.188 [main] DEBUG org.apache.poi.openxml4j.opc.PackageRelationshipCollection - Parsing relationship: /_rels/.rels
12:37:08.196 [main] DEBUG org.apache.poi.ooxml.POIXMLFactory - using default POIXMLDocumentPart for http://schemas.openxmlformats.org/officeDocument/2006/relationships/printerSettings
12:37:08.209 [main] DEBUG org.apache.poi.openxml4j.opc.PackageRelationshipCollection - Parsing relationship: /xl/_rels/workbook.xml.rels
12:37:08.210 [main] DEBUG org.apache.poi.openxml4j.opc.PackageRelationshipCollection - Parsing relationship: /xl/worksheets/_rels/sheet1.xml.rels
12:37:08.211 [main] DEBUG org.apache.poi.openxml4j.opc.PackageRelationshipCollection - Parsing relationship: /_rels/.rels
12:37:08.220 [main] DEBUG org.apache.poi.ooxml.POIXMLFactory - using default POIXMLDocumentPart for http://schemas.openxmlformats.org/officeDocument/2006/relationships/printerSettings
12:37:08.232 [main] DEBUG org.apache.poi.openxml4j.opc.PackageRelationshipCollection - Parsing relationship: /xl/_rels/workbook.xml.rels
12:37:08.233 [main] DEBUG org.apache.poi.openxml4j.opc.PackageRelationshipCollection - Parsing relationship: /xl/worksheets/_rels/sheet1.xml.rels
12:37:08.234 [main] DEBUG org.apache.poi.openxml4j.opc.PackageRelationshipCollection - Parsing relationship: /_rels/.rels
12:37:08.239 [main] DEBUG org.apache.poi.ooxml.POIXMLFactory - using default POIXMLDocumentPart for http://schemas.openxmlformats.org/officeDocument/2006/relationships/printerSettings
12:37:08.252 [main] DEBUG org.apache.poi.openxml4j.opc.PackageRelationshipCollection - Parsing relationship: /xl/_rels/workbook.xml.rels
12:37:08.253 [main] DEBUG org.apache.poi.openxml4j.opc.PackageRelationshipCollection - Parsing relationship: /xl/worksheets/_rels/sheet1.xml.rels
12:37:08.253 [main] DEBUG org.apache.poi.openxml4j.opc.PackageRelationshipCollection - Parsing relationship: /_rels/.rels
12:37:08.262 [main] DEBUG org.apache.poi.ooxml.POIXMLFactory - using default POIXMLDocumentPart for http://schemas.openxmlformats.org/officeDocument/2006/relationships/printerSettings
12:37:08.275 [main] DEBUG org.apache.poi.openxml4j.opc.PackageRelationshipCollection - Parsing relationship: /xl/_rels/workbook.xml.rels
12:37:08.277 [main] DEBUG org.apache.poi.openxml4j.opc.PackageRelationshipCollection - Parsing relationship: /xl/worksheets/_rels/sheet1.xml.rels
12:37:08.278 [main] DEBUG org.apache.poi.openxml4j.opc.PackageRelationshipCollection - Parsing relationship: /_rels/.rels
12:37:08.284 [main] DEBUG org.apache.poi.ooxml.POIXMLFactory - using default POIXMLDocumentPart for http://schemas.openxmlformats.org/officeDocument/2006/relationships/printerSettings
12:37:08.295 [main] DEBUG org.apache.poi.openxml4j.opc.PackageRelationshipCollection - Parsing relationship: /xl/_rels/workbook.xml.rels
12:37:08.295 [main] DEBUG org.apache.poi.openxml4j.opc.PackageRelationshipCollection - Parsing relationship: /xl/worksheets/_rels/sheet1.xml.rels
12:37:08.296 [main] DEBUG org.apache.poi.openxml4j.opc.PackageRelationshipCollection - Parsing relationship: /_rels/.rels
12:37:08.304 [main] DEBUG org.apache.poi.ooxml.POIXMLFactory - using default POIXMLDocumentPart for http://schemas.openxmlformats.org/officeDocument/2006/relationships/printerSettings
12:37:08.316 [main] DEBUG org.apache.poi.openxml4j.opc.PackageRelationshipCollection - Parsing relationship: /xl/_rels/workbook.xml.rels
12:37:08.317 [main] DEBUG org.apache.poi.openxml4j.opc.PackageRelationshipCollection - Parsing relationship: /xl/worksheets/_rels/sheet1.xml.rels
12:37:08.317 [main] DEBUG org.apache.poi.openxml4j.opc.PackageRelationshipCollection - Parsing relationship: /_rels/.rels
12:37:08.321 [main] DEBUG org.apache.poi.ooxml.POIXMLFactory - using default POIXMLDocumentPart for http://schemas.openxmlformats.org/officeDocument/2006/relationships/printerSettings
12:37:08.340 [main] INFO  testCases.tc003_LoginDDT - *********starting TC_003_LoginDDT
12:37:10.403 [main] INFO  testCases.tc003_LoginDDT - ***Finished logout page************
12:37:10.415 [main] INFO  testCases.tc003_LoginDDT - *********starting TC_003_LoginDDT
12:37:41.703 [main] INFO  testCases.tc003_LoginDDT - ***Finished logout page************
12:37:41.710 [main] INFO  testCases.tc003_LoginDDT - *********starting TC_003_LoginDDT
12:38:13.648 [main] INFO  testCases.tc003_LoginDDT - ***Finished logout page************
12:38:13.648 [main] INFO  testCases.tc003_LoginDDT - *********starting TC_003_LoginDDT
12:38:45.741 [main] INFO  testCases.tc003_LoginDDT - ***Finished logout page************
12:38:45.741 [main] INFO  testCases.tc003_LoginDDT - *********starting TC_003_LoginDDT
12:39:17.698 [main] INFO  testCases.tc003_LoginDDT - ***Finished logout page************
12:40:27.718 [main] DEBUG org.testng.TestNG - suiteXmlPath: "C:\Users\srikanth\Desktop\New folder\opencarttestngframework\testng.xml"
12:40:27.978 [main] INFO  org.testng.internal.Utils - [TestNG] Running:
  C:\Users\srikanth\Desktop\New folder\opencarttestngframework\testng.xml

12:40:33.178 [main] DEBUG org.apache.poi.openxml4j.opc.PackageRelationshipCollection - Parsing relationship: /xl/_rels/workbook.xml.rels
12:40:33.181 [main] DEBUG org.apache.poi.openxml4j.opc.PackageRelationshipCollection - Parsing relationship: /xl/worksheets/_rels/sheet1.xml.rels
12:40:33.183 [main] DEBUG org.apache.poi.openxml4j.opc.PackageRelationshipCollection - Parsing relationship: /_rels/.rels
12:40:33.527 [main] DEBUG org.apache.poi.ooxml.POIXMLFactory - using default POIXMLDocumentPart for http://schemas.openxmlformats.org/officeDocument/2006/relationships/printerSettings
12:40:33.615 [main] DEBUG org.apache.poi.openxml4j.opc.PackageRelationshipCollection - Parsing relationship: /xl/_rels/workbook.xml.rels
12:40:33.616 [main] DEBUG org.apache.poi.openxml4j.opc.PackageRelationshipCollection - Parsing relationship: /xl/worksheets/_rels/sheet1.xml.rels
12:40:33.617 [main] DEBUG org.apache.poi.openxml4j.opc.PackageRelationshipCollection - Parsing relationship: /_rels/.rels
12:40:33.633 [main] DEBUG org.apache.poi.ooxml.POIXMLFactory - using default POIXMLDocumentPart for http://schemas.openxmlformats.org/officeDocument/2006/relationships/printerSettings
12:40:33.657 [main] DEBUG org.apache.poi.openxml4j.opc.PackageRelationshipCollection - Parsing relationship: /xl/_rels/workbook.xml.rels
12:40:33.658 [main] DEBUG org.apache.poi.openxml4j.opc.PackageRelationshipCollection - Parsing relationship: /xl/worksheets/_rels/sheet1.xml.rels
12:40:33.660 [main] DEBUG org.apache.poi.openxml4j.opc.PackageRelationshipCollection - Parsing relationship: /_rels/.rels
12:40:33.671 [main] DEBUG org.apache.poi.ooxml.POIXMLFactory - using default POIXMLDocumentPart for http://schemas.openxmlformats.org/officeDocument/2006/relationships/printerSettings
12:40:33.697 [main] DEBUG org.apache.poi.openxml4j.opc.PackageRelationshipCollection - Parsing relationship: /xl/_rels/workbook.xml.rels
